<?xml version="1.0" encoding="UTF-8" ?>
<testsuite tests="4" failures="0" name="org.cap.test.bankapp.BankAppMocitoTestCase" time="0.36" errors="0" skipped="0">
  <properties>
    <property name="PROCESSOR_ARCHITECTURE" value="AMD64"/>
    <property name="LOGONSERVER" value="\\WADINBLR07"/>
    <property name="ProgramData" value="C:\ProgramData"/>
    <property name="java.home" value="C:\KISHALAY\Softwares\jdk-11.0.10"/>
    <property name="NODE_NAME" value="master"/>
    <property name="JENKINS_URL" value="http://localhost:8080/"/>
    <property name="ALLUSERSPROFILE" value="C:\ProgramData"/>
    <property name="PSModulePath" value="C:\Program Files\WindowsPowerShell\Modules;C:\WINDOWS\system32\WindowsPowerShell\v1.0\Modules"/>
    <property name="=::" value="::\"/>
    <property name="USERDOMAIN" value="CORP"/>
    <property name="sun.os.patch.level" value=""/>
    <property name="java.vendor.url" value="https://openjdk.java.net/"/>
    <property name="CommonProgramFiles(x86)" value="C:\Program Files (x86)\Common Files"/>
    <property name="java.version" value="11.0.10"/>
    <property name="JOB_NAME" value="Bankapp-maven"/>
    <property name="COMPUTERNAME" value="LIN51014704"/>
    <property name="java.vendor.url.bug" value="https://bugreport.java.com/bugreport/"/>
    <property name="PUBLIC" value="C:\Users\Public"/>
    <property name="java.version.date" value="2021-01-19"/>
    <property name="jdk.debug" value="release"/>
    <property name="user.name" value="kisbhatt"/>
    <property name="sun.io.unicode.encoding" value="UnicodeLittle"/>
    <property name="sun.jnu.encoding" value="Cp1252"/>
    <property name="java.runtime.name" value="Java(TM) SE Runtime Environment"/>
    <property name="windir" value="C:\WINDOWS"/>
    <property name="PROCESSOR_IDENTIFIER" value="Intel64 Family 6 Model 140 Stepping 1, GenuineIntel"/>
    <property name="java.specification.name" value="Java Platform API Specification"/>
    <property name="LOCALAPPDATA" value="C:\Users\KISBHATT\AppData\Local"/>
    <property name="RUN_CHANGES_DISPLAY_URL" value="http://localhost:8080/job/Bankapp-maven/2/display/redirect?page=changes"/>
    <property name="user.timezone" value="Asia/Calcutta"/>
    <property name="user.script" value=""/>
    <property name="path.separator" value=";"/>
    <property name="NUMBER_OF_PROCESSORS" value="8"/>
    <property name="BUILD_TAG" value="jenkins-Bankapp-maven-2"/>
    <property name="GPPT_INSTALLFOLDER" value="c:\Installers"/>
    <property name="file.encoding" value="Cp1252"/>
    <property name="sun.java.command" value="jenkins.maven3.agent.Maven35Main C:\KISHALAY\Softwares\Maven\apache-maven-3.8.2 C:\Users\KISBHATT\.jenkins\war\WEB-INF\lib\remoting-4.10.jar C:\Users\KISBHATT\.jenkins\plugins\maven-plugin\WEB-INF\lib\maven35-interceptor-1.13.jar C:\Users\KISBHATT\.jenkins\plugins\maven-plugin\WEB-INF\lib\maven3-interceptor-commons-1.13.jar 57699"/>
    <property name="HUDSON_URL" value="http://localhost:8080/"/>
    <property name="JENKINS_SERVER_COOKIE" value="23e61a9dbc4e6305"/>
    <property name="EXECUTOR_NUMBER" value="1"/>
    <property name="Path" value="C:\KISHALAY\Softwares\jdk-11.0.10/bin;.;C:\KISHALAY\Softwares\jdk-11.0.10\bin;C:\KISHALAY\Softwares\Maven\apache-maven-3.8.2\bin;C:\KISHALAY\Softwares\Gradle\gradle-7.2\bin;"/>
    <property name="GIT_COMMIT" value="ea9fa915e15088569e519b05545b149bc0b24a08"/>
    <property name="java.io.tmpdir" value="C:\Users\KISBHATT\AppData\Local\Temp\"/>
    <property name="APPDATA" value="C:\Users\KISBHATT\AppData\Roaming"/>
    <property name="user.language" value="en"/>
    <property name="GPPT_LOGFOLDER" value="C:\SCCM_logs"/>
    <property name="GPPT_CACHEFOLDER" value="C:\Windows\ccmcache"/>
    <property name="line.separator" value="
"/>
    <property name="BUILD_URL" value="http://localhost:8080/job/Bankapp-maven/2/"/>
    <property name="M2_HOME" value="C:\KISHALAY\Softwares\Maven\apache-maven-3.8.2"/>
    <property name="=C:" value="C:\KISHALAY\Softwares"/>
    <property name="java.vm.info" value="mixed mode"/>
    <property name="ZES_ENABLE_SYSMAN" value="1"/>
    <property name="DriverData" value="C:\Windows\System32\Drivers\DriverData"/>
    <property name="sun.desktop" value="windows"/>
    <property name="java.vm.specification.name" value="Java Virtual Machine Specification"/>
    <property name="CI" value="true"/>
    <property name="BUILD_DISPLAY_NAME" value="#2"/>
    <property name="OS" value="Windows_NT"/>
    <property name="guice.disable.misplaced.annotation.check" value="true"/>
    <property name="HUDSON_SERVER_COOKIE" value="23e61a9dbc4e6305"/>
    <property name="WORKSPACE_TMP" value="C:\Users\KISBHATT\.jenkins\workspace\Bankapp-maven@tmp"/>
    <property name="MAVEN_HOME" value="C:\KISHALAY\Softwares\Maven\apache-maven-3.8.2"/>
    <property name="SESSIONNAME" value="Console"/>
    <property name="PATHEXT" value=".COM;.EXE;.BAT;.CMD;.VBS;.VBE;.JS;.JSE;.WSF;.WSH;.MSC"/>
    <property name="java.awt.printerjob" value="sun.awt.windows.WPrinterJob"/>
    <property name="maven3.interceptor.common" value="C:\Users\KISBHATT\.jenkins\plugins\maven-plugin\WEB-INF\lib\maven3-interceptor-commons-1.13.jar"/>
    <property name="CLASSPATH" value=""/>
    <property name="jansi.mode" value="strip"/>
    <property name="HOMEPATH" value="\Users\KISBHATT"/>
    <property name="os.name" value="Windows 10"/>
    <property name="java.specification.vendor" value="Oracle Corporation"/>
    <property name="BUILD_NUMBER" value="2"/>
    <property name="java.vm.name" value="Java HotSpot(TM) 64-Bit Server VM"/>
    <property name="maven3.interceptor" value="C:\Users\KISBHATT\.jenkins\plugins\maven-plugin\WEB-INF\lib\maven35-interceptor-1.13.jar"/>
    <property name="java.library.path" value="C:\KISHALAY\Softwares\jdk-11.0.10\bin;C:\WINDOWS\Sun\Java\bin;C:\WINDOWS\system32;C:\WINDOWS;C:\KISHALAY\Softwares\Maven\apache-maven-3.8.2/bin;C:\KISHALAY\Softwares\jdk-11.0.10/bin;C:\KISHALAY\Softwares\jdk-11.0.10/bin;.;C:\KISHALAY\Softwares\jdk-11.0.10\bin;C:\KISHALAY\Softwares\Maven\apache-maven-3.8.2\bin;C:\KISHALAY\Softwares\Gradle\gradle-7.2\bin;;."/>
    <property name="HOMEDRIVE" value="C:"/>
    <property name="GRADLE_HOME" value="C:\KISHALAY\Softwares\Gradle\gradle-7.2"/>
    <property name="POM_GROUPID" value="org.cap.app"/>
    <property name="POM_ARTIFACTID" value="Day1-BankApp"/>
    <property name="java.class.version" value="55.0"/>
    <property name="JOB_URL" value="http://localhost:8080/job/Bankapp-maven/"/>
    <property name="GIT_PREVIOUS_COMMIT" value="2858077159b502fbfcc4f1d3bbf36206f63a49c5"/>
    <property name="GIT_BRANCH" value="origin/master"/>
    <property name="RUN_DISPLAY_URL" value="http://localhost:8080/job/Bankapp-maven/2/display/redirect"/>
    <property name="JENKINS_HOME" value="C:\Users\KISBHATT\.jenkins"/>
    <property name="BUILD_ID" value="2"/>
    <property name="TEMP" value="C:\Users\KISBHATT\AppData\Local\Temp"/>
    <property name="sun.boot.library.path" value="C:\KISHALAY\Softwares\jdk-11.0.10\bin"/>
    <property name="sun.management.compiler" value="HotSpot 64-Bit Tiered Compilers"/>
    <property name="java.awt.graphicsenv" value="sun.awt.Win32GraphicsEnvironment"/>
    <property name="user.variant" value=""/>
    <property name="PROCESSOR_REVISION" value="8c01"/>
    <property name="POM_VERSION" value="0.0.1-SNAPSHOT"/>
    <property name="HUDSON_HOME" value="C:\Users\KISBHATT\.jenkins"/>
    <property name="ProgramFiles(x86)" value="C:\Program Files (x86)"/>
    <property name="PATH+MAVEN" value="C:\KISHALAY\Softwares\Maven\apache-maven-3.8.2/bin"/>
    <property name="USERDOMAIN_ROAMINGPROFILE" value="CORP"/>
    <property name="RUN_ARTIFACTS_DISPLAY_URL" value="http://localhost:8080/job/Bankapp-maven/2/display/redirect?page=artifacts"/>
    <property name="PROMPT" value="$P$G"/>
    <property name="java.vm.specification.version" value="11"/>
    <property name="JAVA_HOME" value="C:\KISHALAY\Softwares\jdk-11.0.10"/>
    <property name="awt.toolkit" value="sun.awt.windows.WToolkit"/>
    <property name="NODE_LABELS" value="master"/>
    <property name="sun.cpu.isalist" value="amd64"/>
    <property name="USERPROFILE" value="C:\Users\KISBHATT"/>
    <property name="java.vm.compressedOopsMode" value="Zero based"/>
    <property name="JOB_DISPLAY_URL" value="http://localhost:8080/job/Bankapp-maven/display/redirect"/>
    <property name="os.version" value="10.0"/>
    <property name="user.home" value="C:\Users\KISBHATT"/>
    <property name="USERNAME" value="kisbhatt"/>
    <property name="java.vm.vendor" value="Oracle Corporation"/>
    <property name="PROCESSOR_LEVEL" value="6"/>
    <property name="USERDNSDOMAIN" value="CORP.CAPGEMINI.COM"/>
    <property name="CommonProgramW6432" value="C:\Program Files\Common Files"/>
    <property name="user.dir" value="C:\KISHALAY\DevOps\BankApp\Day1-BankApp"/>
    <property name="maven.conf" value="C:\KISHALAY\Softwares\Maven\apache-maven-3.8.2\conf"/>
    <property name="ProgramW6432" value="C:\Program Files"/>
    <property name="TMP" value="C:\Users\KISBHATT\AppData\Local\Temp"/>
    <property name="UATDATA" value="C:\WINDOWS\CCM\UATData\D9F8C395-CAB8-491d-B8AC-179A1FE1BE77"/>
    <property name="sun.cpu.endian" value="little"/>
    <property name="SystemDrive" value="C:"/>
    <property name="java.vm.version" value="11.0.10+8-LTS-162"/>
    <property name="java.class.path" value="C:\Users\KISBHATT\.jenkins\plugins\maven-plugin\WEB-INF\lib\maven35-agent-1.13.jar;C:\KISHALAY\Softwares\Maven\apache-maven-3.8.2\boot\plexus-classworlds-2.6.0.jar;C:\KISHALAY\Softwares\Maven\apache-maven-3.8.2/conf/logging"/>
    <property name="org.slf4j.simpleLogger.defaultLogLevel" value="info"/>
    <property name="os.arch" value="amd64"/>
    <property name="WORKSPACE" value="C:\Users\KISBHATT\.jenkins\workspace\Bankapp-maven"/>
    <property name="ComSpec" value="C:\WINDOWS\system32\cmd.exe"/>
    <property name="RUN_TESTS_DISPLAY_URL" value="http://localhost:8080/job/Bankapp-maven/2/display/redirect?page=tests"/>
    <property name="sun.java.launcher" value="SUN_STANDARD"/>
    <property name="FPS_BROWSER_APP_PROFILE_STRING" value="Internet Explorer"/>
    <property name="SystemRoot" value="C:\WINDOWS"/>
    <property name="CommonProgramFiles" value="C:\Program Files\Common Files"/>
    <property name="java.vm.specification.vendor" value="Oracle Corporation"/>
    <property name="FPS_BROWSER_USER_PROFILE_STRING" value="Default"/>
    <property name="file.separator" value="\"/>
    <property name="java.runtime.version" value="11.0.10+8-LTS-162"/>
    <property name="ProgramFiles" value="C:\Program Files"/>
    <property name="PATH+JDK" value="C:\KISHALAY\Softwares\jdk-11.0.10/bin"/>
    <property name="user.country" value="IN"/>
    <property name="POM_PACKAGING" value="jar"/>
    <property name="maven.home" value="C:\KISHALAY\Softwares\Maven\apache-maven-3.8.2"/>
    <property name="JOB_BASE_NAME" value="Bankapp-maven"/>
    <property name="java.vendor.version" value="18.9"/>
    <property name="java.vendor" value="Oracle Corporation"/>
    <property name="java.specification.version" value="11"/>
    <property name="POM_DISPLAYNAME" value="Day1-BankApp"/>
    <property name="GIT_URL" value="https://github.com/KishalayB18/BankApp.git"/>
    <property name="sun.arch.data.model" value="64"/>
  </properties>
  <testcase classname="org.cap.test.bankapp.BankAppMocitoTestCase" name="test_AddAccount_method" time="0.296"/>
  <testcase classname="org.cap.test.bankapp.BankAppMocitoTestCase" name="test_deposit" time="0"/>
  <testcase classname="org.cap.test.bankapp.BankAppMocitoTestCase" name="test_findAccountById" time="0.006"/>
  <testcase classname="org.cap.test.bankapp.BankAppMocitoTestCase" name="test_withdraw" time="0.058"/>
</testsuite>